0 info it worked if it ends with ok
1 verbose cli [ 'C:\\Program Files (x86)\\Tims-Client\\nodejs\\node.exe',
1 verbose cli   'C:\\Program Files (x86)\\Tims-Client\\nodejs\\node_modules\\npm\\bin\\npm-cli.js',
1 verbose cli   'run',
1 verbose cli   'docs:dev' ]
2 info using npm@3.3.12
3 info using node@v5.2.0
4 verbose run-script [ 'predocs:dev', 'docs:dev', 'postdocs:dev' ]
5 info lifecycle @~predocs:dev: @
6 silly lifecycle @~predocs:dev: no script for predocs:dev, continuing
7 info lifecycle @~docs:dev: @
8 verbose lifecycle @~docs:dev: unsafe-perm in lifecycle true
9 verbose lifecycle @~docs:dev: PATH: C:\Program Files (x86)\Tims-Client\nodejs\node_modules\npm\bin\node-gyp-bin;D:\zhuxy607\github\js-new-feature\node_modules\.bin;C:\Windows\system32;C:\Windows;C:\Windows\System32\Wbem;C:\Windows\System32\WindowsPowerShell\v1.0\;C:\Windows\System32\OpenSSH\;C:\Program Files (x86)\Tencent\微信web开发者工具\dll;%NVM_H;ME%;%NVM_SYMLINK%;C:\Program Files\Git\cmd;C:\Program Files\Microsoft VS Code\bin;C:\Program Files (x86)\Tims-Client;C:\Program Files (x86)\Tims-Client\nodejs;C:\Program Files (x86)\Tims-Client\TimsOcx;C:\Users\zhuxy607\AppData\Local\Programs\Python\Python312\Scripts\;C:\Users\zhuxy607\AppData\Local\Programs\Python\Python312\;C:\Users\zhuxy607\.console-ninja\.bin;C:\Users\zhuxy607\AppData\Local\Microsoft\WindowsApps;C:\Users\zhuxy607\AppData\Roaming\nvm;C:\Program Files\nodejs;D:\Program Files\JetBrains\WebStorm 2023.3.4\bin;C:\Users\zhuxy607\AppData\Local\GitHubDesktop\bin;D:\Program Files\JetBrains\PyCharm 2023.3.4\bin;;D:\Program Files\Huawei\DevEco Studio\bin;
10 verbose lifecycle @~docs:dev: CWD: D:\zhuxy607\github\js-new-feature
11 silly lifecycle @~docs:dev: Args: [ '/d /s /c', 'vitepress dev docs' ]
12 silly lifecycle @~docs:dev: Returned: code: 1  signal: null
13 info lifecycle @~docs:dev: Failed to exec docs:dev script
14 verbose stack Error: @ docs:dev: `vitepress dev docs`
14 verbose stack Exit status 1
14 verbose stack     at EventEmitter.<anonymous> (C:\Program Files (x86)\Tims-Client\nodejs\node_modules\npm\lib\utils\lifecycle.js:232:16)
14 verbose stack     at emitTwo (events.js:88:13)
14 verbose stack     at EventEmitter.emit (events.js:173:7)
14 verbose stack     at ChildProcess.<anonymous> (C:\Program Files (x86)\Tims-Client\nodejs\node_modules\npm\lib\utils\spawn.js:24:14)
14 verbose stack     at emitTwo (events.js:88:13)
14 verbose stack     at ChildProcess.emit (events.js:173:7)
14 verbose stack     at maybeClose (internal/child_process.js:819:16)
14 verbose stack     at Process.ChildProcess._handle.onexit (internal/child_process.js:212:5)
15 verbose pkgid @
16 verbose cwd D:\zhuxy607\github\js-new-feature
17 error Windows_NT 10.0.19045
18 error argv "C:\\Program Files (x86)\\Tims-Client\\nodejs\\node.exe" "C:\\Program Files (x86)\\Tims-Client\\nodejs\\node_modules\\npm\\bin\\npm-cli.js" "run" "docs:dev"
19 error node v5.2.0
20 error npm  v3.3.12
21 error code ELIFECYCLE
22 error @ docs:dev: `vitepress dev docs`
22 error Exit status 1
23 error Failed at the @ docs:dev script 'vitepress dev docs'.
23 error Make sure you have the latest version of node.js and npm installed.
23 error If you do, this is most likely a problem with the  package,
23 error not with npm itself.
23 error Tell the author that this fails on your system:
23 error     vitepress dev docs
23 error You can get their info via:
23 error     npm owner ls
23 error There is likely additional logging output above.
24 verbose exit [ 1, true ]
